<?xml version="1.0" encoding="utf-8"?><testsuites name="pytest tests"><testsuite name="pytest" errors="0" failures="0" skipped="0" tests="13" time="12.311" timestamp="2026-05-09T12:55:34.412292+00:00" hostname="agent-env-bd7d5f41-9732-4f78-bc22-000bd6d83f7e"><testcase classname="backend.tests.test_daily_briefing.TestDailyBriefing" name="test_top_level_fields_present" time="11.107" /><testcase classname="backend.tests.test_daily_briefing.TestDailyBriefing" name="test_briefing_text_non_empty_and_indonesian" time="0.000" /><testcase classname="backend.tests.test_daily_briefing.TestDailyBriefing" name="test_briefing_text_uses_idr_format" time="0.000" /><testcase classname="backend.tests.test_daily_briefing.TestDailyBriefing" name="test_greeting_time_aware" time="0.000" /><testcase classname="backend.tests.test_daily_briefing.TestDailyBriefing" name="test_llm_used_flag_boolean" time="0.000" /><testcase classname="backend.tests.test_daily_briefing.TestDailyBriefing" name="test_highlights_keys" time="0.000" /><testcase classname="backend.tests.test_daily_briefing.TestDailyBriefing" name="test_urgent_actions_shape" time="0.000" /><testcase classname="backend.tests.test_daily_briefing.TestDailyBriefing" name="test_voice_text_sanitized" time="0.000" /><testcase classname="backend.tests.test_daily_briefing.TestDailyBriefing" name="test_yesterday_by_outlet_list" time="0.000" /><testcase classname="backend.tests.test_daily_briefing.TestFinanceAliases" name="test_ap_ledger_paginated" time="0.588" /><testcase classname="backend.tests.test_daily_briefing.TestFinanceAliases" name="test_journal_entries_alias" time="0.101" /><testcase classname="backend.tests.test_daily_briefing.TestFinanceAliases" name="test_chart_of_accounts_alias" time="0.115" /><testcase classname="backend.tests.test_daily_briefing.TestFinanceAliases" name="test_item_pricing_alias" time="0.144" /></testsuite></testsuites>