<?xml version="1.0" encoding="utf-8"?><testsuites name="pytest tests"><testsuite name="pytest" errors="0" failures="0" skipped="1" tests="19" time="14.996" timestamp="2026-05-08T16:19:43.910732+00:00" hostname="agent-env-bd7d5f41-9732-4f78-bc22-000bd6d83f7e"><testcase classname="backend.tests.test_torado_migration" name="test_login_returns_token" time="0.421" /><testcase classname="backend.tests.test_torado_migration" name="test_master_items" time="0.597" /><testcase classname="backend.tests.test_torado_migration" name="test_master_vendors" time="0.068" /><testcase classname="backend.tests.test_torado_migration" name="test_chart_of_accounts" time="0.074" /><testcase classname="backend.tests.test_torado_migration" name="test_payment_requests" time="0.079" /><testcase classname="backend.tests.test_torado_migration" name="test_item_pricing" time="0.097" /><testcase classname="backend.tests.test_torado_migration" name="test_ap_aging" time="0.146" /><testcase classname="backend.tests.test_torado_migration" name="test_cash_position" time="0.080" /><testcase classname="backend.tests.test_torado_migration" name="test_journals" time="0.068" /><testcase classname="backend.tests.test_torado_migration" name="test_executive_kpis" time="0.129" /><testcase classname="backend.tests.test_torado_migration" name="test_executive_sales_trend" time="0.077" /><testcase classname="backend.tests.test_torado_migration" name="test_executive_brand_mix" time="0.068" /><testcase classname="backend.tests.test_torado_migration" name="test_owner_cockpit" time="0.082" /><testcase classname="backend.tests.test_torado_migration" name="test_low_stock" time="12.511" /><testcase classname="backend.tests.test_torado_migration" name="test_inventory_movements" time="0.099" /><testcase classname="backend.tests.test_torado_migration" name="test_anomalies" time="0.079" /><testcase classname="backend.tests.test_torado_migration" name="test_procurement_workboard" time="0.082" /><testcase classname="backend.tests.test_torado_migration" name="test_ai_generate_journal_entry" time="0.074" /><testcase classname="backend.tests.test_torado_migration" name="test_ap_ledger_endpoint_exists" time="0.073"><skipped type="pytest.skip" message="/api/finance/ap-ledger endpoint not implemented (data exists in ap_ledger collection)">/app/backend/tests/test_torado_migration.py:208: /api/finance/ap-ledger endpoint not implemented (data exists in ap_ledger collection)</skipped></testcase></testsuite></testsuites>